

Started GET "/" for 10.0.2.2 at 2017-05-17 12:56:31 +0300
Cannot render console from 10.0.2.2! Allowed networks: 127.0.0.1, ::1, 127.0.0.0/127.255.255.255
Processing by Rails::WelcomeController#index as HTML
  Rendered /home/antti/.rbenv/versions/2.3.1/lib/ruby/gems/2.3.0/gems/railties-4.2.7/lib/rails/templates/rails/welcome/index.html.erb (4.0ms)
Completed 200 OK in 48ms (Views: 28.3ms | ActiveRecord: 0.0ms)


Started GET "/" for 10.0.2.2 at 2017-05-17 13:00:25 +0300
Cannot render console from 10.0.2.2! Allowed networks: 127.0.0.1, ::1, 127.0.0.0/127.255.255.255

ActiveRecord::PendingMigrationError (

Migrations are pending. To resolve this issue, run:

	bin/rake db:migrate RAILS_ENV=development

):
  activerecord (4.2.7) lib/active_record/migration.rb:392:in `check_pending!'
  activerecord (4.2.7) lib/active_record/migration.rb:373:in `call'
  actionpack (4.2.7) lib/action_dispatch/middleware/callbacks.rb:29:in `block in call'
  activesupport (4.2.7) lib/active_support/callbacks.rb:88:in `__run_callbacks__'
  activesupport (4.2.7) lib/active_support/callbacks.rb:778:in `_run_call_callbacks'
  activesupport (4.2.7) lib/active_support/callbacks.rb:81:in `run_callbacks'
  actionpack (4.2.7) lib/action_dispatch/middleware/callbacks.rb:27:in `call'
  actionpack (4.2.7) lib/action_dispatch/middleware/reloader.rb:73:in `call'
  actionpack (4.2.7) lib/action_dispatch/middleware/remote_ip.rb:78:in `call'
  actionpack (4.2.7) lib/action_dispatch/middleware/debug_exceptions.rb:17:in `call'
  web-console (2.3.0) lib/web_console/middleware.rb:20:in `block in call'
  web-console (2.3.0) lib/web_console/middleware.rb:18:in `catch'
  web-console (2.3.0) lib/web_console/middleware.rb:18:in `call'
  actionpack (4.2.7) lib/action_dispatch/middleware/show_exceptions.rb:30:in `call'
  railties (4.2.7) lib/rails/rack/logger.rb:38:in `call_app'
  railties (4.2.7) lib/rails/rack/logger.rb:20:in `block in call'
  activesupport (4.2.7) lib/active_support/tagged_logging.rb:68:in `block in tagged'
  activesupport (4.2.7) lib/active_support/tagged_logging.rb:26:in `tagged'
  activesupport (4.2.7) lib/active_support/tagged_logging.rb:68:in `tagged'
  railties (4.2.7) lib/rails/rack/logger.rb:20:in `call'
  actionpack (4.2.7) lib/action_dispatch/middleware/request_id.rb:21:in `call'
  rack (1.6.8) lib/rack/methodoverride.rb:22:in `call'
  rack (1.6.8) lib/rack/runtime.rb:18:in `call'
  activesupport (4.2.7) lib/active_support/cache/strategy/local_cache_middleware.rb:28:in `call'
  rack (1.6.8) lib/rack/lock.rb:17:in `call'
  actionpack (4.2.7) lib/action_dispatch/middleware/static.rb:120:in `call'
  rack (1.6.8) lib/rack/sendfile.rb:113:in `call'
  railties (4.2.7) lib/rails/engine.rb:518:in `call'
  railties (4.2.7) lib/rails/application.rb:165:in `call'
  rack (1.6.8) lib/rack/lock.rb:17:in `call'
  rack (1.6.8) lib/rack/content_length.rb:15:in `call'
  rack (1.6.8) lib/rack/handler/webrick.rb:88:in `service'
  /home/antti/.rbenv/versions/2.3.1/lib/ruby/2.3.0/webrick/httpserver.rb:140:in `service'
  /home/antti/.rbenv/versions/2.3.1/lib/ruby/2.3.0/webrick/httpserver.rb:96:in `run'
  /home/antti/.rbenv/versions/2.3.1/lib/ruby/2.3.0/webrick/server.rb:296:in `block in start_thread'


  Rendered /home/antti/.rbenv/versions/2.3.1/lib/ruby/gems/2.3.0/gems/actionpack-4.2.7/lib/action_dispatch/middleware/templates/rescues/_source.erb (2.2ms)
  Rendered /home/antti/.rbenv/versions/2.3.1/lib/ruby/gems/2.3.0/gems/actionpack-4.2.7/lib/action_dispatch/middleware/templates/rescues/_trace.html.erb (1.7ms)
  Rendered /home/antti/.rbenv/versions/2.3.1/lib/ruby/gems/2.3.0/gems/actionpack-4.2.7/lib/action_dispatch/middleware/templates/rescues/_request_and_response.html.erb (1.0ms)
  Rendered /home/antti/.rbenv/versions/2.3.1/lib/ruby/gems/2.3.0/gems/actionpack-4.2.7/lib/action_dispatch/middleware/templates/rescues/diagnostics.html.erb within rescues/layout (28.7ms)
  [1m[36m (6.5ms)[0m  [1mCREATE TABLE "schema_migrations" ("version" varchar NOT NULL) [0m
  [1m[35m (0.1ms)[0m  select sqlite_version(*)
  [1m[36m (9.4ms)[0m  [1mCREATE UNIQUE INDEX "unique_schema_migrations" ON "schema_migrations" ("version")[0m
  [1m[35mActiveRecord::SchemaMigration Load (1.4ms)[0m  SELECT "schema_migrations".* FROM "schema_migrations"
Migrating to CreateUsers (20170517100012)
  [1m[36m (0.1ms)[0m  [1mbegin transaction[0m
  [1m[35m (3.0ms)[0m  CREATE TABLE "users" ("id" INTEGER PRIMARY KEY AUTOINCREMENT NOT NULL, "name" varchar, "created_at" datetime NOT NULL, "updated_at" datetime NOT NULL) 
  [1m[36mSQL (0.5ms)[0m  [1mINSERT INTO "schema_migrations" ("version") VALUES (?)[0m  [["version", "20170517100012"]]
  [1m[35m (4.9ms)[0m  commit transaction
  [1m[36mActiveRecord::SchemaMigration Load (1.4ms)[0m  [1mSELECT "schema_migrations".* FROM "schema_migrations"[0m


Started GET "/" for 10.0.2.2 at 2017-05-17 13:01:02 +0300
Cannot render console from 10.0.2.2! Allowed networks: 127.0.0.1, ::1, 127.0.0.0/127.255.255.255
  [1m[36mActiveRecord::SchemaMigration Load (1.1ms)[0m  [1mSELECT "schema_migrations".* FROM "schema_migrations"[0m
Processing by Rails::WelcomeController#index as HTML
  Rendered /home/antti/.rbenv/versions/2.3.1/lib/ruby/gems/2.3.0/gems/railties-4.2.7/lib/rails/templates/rails/welcome/index.html.erb (4.3ms)
Completed 200 OK in 42ms (Views: 23.9ms | ActiveRecord: 0.0ms)


Started GET "/user" for 10.0.2.2 at 2017-05-17 13:01:06 +0300
Cannot render console from 10.0.2.2! Allowed networks: 127.0.0.1, ::1, 127.0.0.0/127.255.255.255

ActionController::RoutingError (No route matches [GET] "/user"):
  actionpack (4.2.7) lib/action_dispatch/middleware/debug_exceptions.rb:21:in `call'
  web-console (2.3.0) lib/web_console/middleware.rb:20:in `block in call'
  web-console (2.3.0) lib/web_console/middleware.rb:18:in `catch'
  web-console (2.3.0) lib/web_console/middleware.rb:18:in `call'
  actionpack (4.2.7) lib/action_dispatch/middleware/show_exceptions.rb:30:in `call'
  railties (4.2.7) lib/rails/rack/logger.rb:38:in `call_app'
  railties (4.2.7) lib/rails/rack/logger.rb:20:in `block in call'
  activesupport (4.2.7) lib/active_support/tagged_logging.rb:68:in `block in tagged'
  activesupport (4.2.7) lib/active_support/tagged_logging.rb:26:in `tagged'
  activesupport (4.2.7) lib/active_support/tagged_logging.rb:68:in `tagged'
  railties (4.2.7) lib/rails/rack/logger.rb:20:in `call'
  actionpack (4.2.7) lib/action_dispatch/middleware/request_id.rb:21:in `call'
  rack (1.6.8) lib/rack/methodoverride.rb:22:in `call'
  rack (1.6.8) lib/rack/runtime.rb:18:in `call'
  activesupport (4.2.7) lib/active_support/cache/strategy/local_cache_middleware.rb:28:in `call'
  rack (1.6.8) lib/rack/lock.rb:17:in `call'
  actionpack (4.2.7) lib/action_dispatch/middleware/static.rb:120:in `call'
  rack (1.6.8) lib/rack/sendfile.rb:113:in `call'
  railties (4.2.7) lib/rails/engine.rb:518:in `call'
  railties (4.2.7) lib/rails/application.rb:165:in `call'
  rack (1.6.8) lib/rack/lock.rb:17:in `call'
  rack (1.6.8) lib/rack/content_length.rb:15:in `call'
  rack (1.6.8) lib/rack/handler/webrick.rb:88:in `service'
  /home/antti/.rbenv/versions/2.3.1/lib/ruby/2.3.0/webrick/httpserver.rb:140:in `service'
  /home/antti/.rbenv/versions/2.3.1/lib/ruby/2.3.0/webrick/httpserver.rb:96:in `run'
  /home/antti/.rbenv/versions/2.3.1/lib/ruby/2.3.0/webrick/server.rb:296:in `block in start_thread'


  Rendered /home/antti/.rbenv/versions/2.3.1/lib/ruby/gems/2.3.0/gems/actionpack-4.2.7/lib/action_dispatch/middleware/templates/rescues/_trace.html.erb (1.1ms)
  Rendered /home/antti/.rbenv/versions/2.3.1/lib/ruby/gems/2.3.0/gems/actionpack-4.2.7/lib/action_dispatch/middleware/templates/routes/_route.html.erb (0.9ms)
  Rendered /home/antti/.rbenv/versions/2.3.1/lib/ruby/gems/2.3.0/gems/actionpack-4.2.7/lib/action_dispatch/middleware/templates/routes/_table.html.erb (29.1ms)
  Rendered /home/antti/.rbenv/versions/2.3.1/lib/ruby/gems/2.3.0/gems/actionpack-4.2.7/lib/action_dispatch/middleware/templates/rescues/_request_and_response.html.erb (1.2ms)
  Rendered /home/antti/.rbenv/versions/2.3.1/lib/ruby/gems/2.3.0/gems/actionpack-4.2.7/lib/action_dispatch/middleware/templates/rescues/routing_error.html.erb within rescues/layout (62.0ms)


Started GET "/users" for 10.0.2.2 at 2017-05-17 13:01:09 +0300
Cannot render console from 10.0.2.2! Allowed networks: 127.0.0.1, ::1, 127.0.0.0/127.255.255.255
Processing by UsersController#index as HTML
  [1m[35mUser Load (1.4ms)[0m  SELECT "users".* FROM "users"
  Rendered users/index.html.erb within layouts/application (4.6ms)
Completed 200 OK in 1318ms (Views: 1305.7ms | ActiveRecord: 2.5ms)


Started GET "/assets/users.self-e3b0c44298fc1c149afbf4c8996fb92427ae41e4649b934ca495991b7852b855.css?body=1" for 10.0.2.2 at 2017-05-17 13:01:11 +0300
Cannot render console from 10.0.2.2! Allowed networks: 127.0.0.1, ::1, 127.0.0.0/127.255.255.255


Started GET "/assets/scaffolds.self-535ac12570ee5a6807225c855f331ff0f1ef05fc0df631c46de51756dba35fb9.css?body=1" for 10.0.2.2 at 2017-05-17 13:01:11 +0300
Cannot render console from 10.0.2.2! Allowed networks: 127.0.0.1, ::1, 127.0.0.0/127.255.255.255


Started GET "/assets/application.self-e80e8f2318043e8af94dddc2adad5a4f09739a8ebb323b3ab31cd71d45fd9113.css?body=1" for 10.0.2.2 at 2017-05-17 13:01:11 +0300
Cannot render console from 10.0.2.2! Allowed networks: 127.0.0.1, ::1, 127.0.0.0/127.255.255.255


Started GET "/assets/jquery.self-bd7ddd393353a8d2480a622e80342adf488fb6006d667e8b42e4c0073393abee.js?body=1" for 10.0.2.2 at 2017-05-17 13:01:11 +0300
Cannot render console from 10.0.2.2! Allowed networks: 127.0.0.1, ::1, 127.0.0.0/127.255.255.255


Started GET "/assets/jquery_ujs.self-784a997f6726036b1993eb2217c9cb558e1cbb801c6da88105588c56f13b466a.js?body=1" for 10.0.2.2 at 2017-05-17 13:01:11 +0300
Cannot render console from 10.0.2.2! Allowed networks: 127.0.0.1, ::1, 127.0.0.0/127.255.255.255


Started GET "/assets/turbolinks.self-1d1fddf91adc38ac2045c51f0a3e05ca97d07d24d15a4dcbf705009106489e69.js?body=1" for 10.0.2.2 at 2017-05-17 13:01:11 +0300
Cannot render console from 10.0.2.2! Allowed networks: 127.0.0.1, ::1, 127.0.0.0/127.255.255.255


Started GET "/assets/users.self-877aef30ae1b040ab8a3aba4e3e309a11d7f2612f44dde450b5c157aa5f95c05.js?body=1" for 10.0.2.2 at 2017-05-17 13:01:11 +0300
Cannot render console from 10.0.2.2! Allowed networks: 127.0.0.1, ::1, 127.0.0.0/127.255.255.255


Started GET "/assets/application.self-3b8dabdc891efe46b9a144b400ad69e37d7e5876bdc39dee783419a69d7ca819.js?body=1" for 10.0.2.2 at 2017-05-17 13:01:11 +0300
Cannot render console from 10.0.2.2! Allowed networks: 127.0.0.1, ::1, 127.0.0.0/127.255.255.255


Started GET "/users/new" for 10.0.2.2 at 2017-05-17 13:01:36 +0300
Cannot render console from 10.0.2.2! Allowed networks: 127.0.0.1, ::1, 127.0.0.0/127.255.255.255
Processing by UsersController#new as HTML
  Rendered users/_form.html.erb (33.5ms)
  Rendered users/new.html.erb within layouts/application (45.0ms)
Completed 200 OK in 157ms (Views: 152.2ms | ActiveRecord: 1.8ms)


Started POST "/users" for 10.0.2.2 at 2017-05-17 13:01:42 +0300
Cannot render console from 10.0.2.2! Allowed networks: 127.0.0.1, ::1, 127.0.0.0/127.255.255.255
Processing by UsersController#create as HTML
  Parameters: {"utf8"=>"✓", "authenticity_token"=>"zatx7qKogrJjRJN2EtCUd0fk9IC7uac/ZQwsmzaDL3ruDoN+pksPpbLc3hbFCVckkHqnfPOevAT/IUYNaDb5fQ==", "user"=>{"name"=>"Minä", "created_at(1i)"=>"2017", "created_at(2i)"=>"5", "created_at(3i)"=>"17"}, "commit"=>"Create User"}
  [1m[36m (0.1ms)[0m  [1mbegin transaction[0m
  [1m[35mSQL (3.8ms)[0m  INSERT INTO "users" ("name", "created_at", "updated_at") VALUES (?, ?, ?)  [["name", "Minä"], ["created_at", "2017-05-17 00:00:00.000000"], ["updated_at", "2017-05-17 10:01:42.170323"]]
  [1m[36m (6.2ms)[0m  [1mcommit transaction[0m
Redirected to http://localhost:3000/users/1
Completed 302 Found in 21ms (ActiveRecord: 10.1ms)


Started GET "/users/1" for 10.0.2.2 at 2017-05-17 13:01:42 +0300
Cannot render console from 10.0.2.2! Allowed networks: 127.0.0.1, ::1, 127.0.0.0/127.255.255.255
Processing by UsersController#show as HTML
  Parameters: {"id"=>"1"}
  [1m[35mUser Load (4.5ms)[0m  SELECT  "users".* FROM "users" WHERE "users"."id" = ? LIMIT 1  [["id", 1]]
  Rendered users/show.html.erb within layouts/application (1.1ms)
Completed 200 OK in 148ms (Views: 116.5ms | ActiveRecord: 4.5ms)


Started GET "/users" for 10.0.2.2 at 2017-05-17 13:01:44 +0300
Cannot render console from 10.0.2.2! Allowed networks: 127.0.0.1, ::1, 127.0.0.0/127.255.255.255
Processing by UsersController#index as HTML
  [1m[36mUser Load (0.7ms)[0m  [1mSELECT "users".* FROM "users"[0m
  Rendered users/index.html.erb within layouts/application (2.1ms)
Completed 200 OK in 106ms (Views: 105.1ms | ActiveRecord: 0.7ms)


Started DELETE "/users/1" for 10.0.2.2 at 2017-05-17 13:02:18 +0300
Cannot render console from 10.0.2.2! Allowed networks: 127.0.0.1, ::1, 127.0.0.0/127.255.255.255
Processing by UsersController#destroy as HTML
  Parameters: {"authenticity_token"=>"1vrSxQiwQPfxn5/BWNQmN5QSOr1HHwMBoP1YJTUPMj71XyBVDFPN4CAH0qGPDeVkQ4xpQQ84GDo60DKza7rkOQ==", "id"=>"1"}
  [1m[35mUser Load (1.6ms)[0m  SELECT  "users".* FROM "users" WHERE "users"."id" = ? LIMIT 1  [["id", 1]]
  [1m[36m (0.1ms)[0m  [1mbegin transaction[0m
  [1m[35mSQL (2.7ms)[0m  DELETE FROM "users" WHERE "users"."id" = ?  [["id", 1]]
  [1m[36m (7.5ms)[0m  [1mcommit transaction[0m
Redirected to http://localhost:3000/users
Completed 302 Found in 18ms (ActiveRecord: 12.0ms)


Started GET "/users" for 10.0.2.2 at 2017-05-17 13:02:18 +0300
Cannot render console from 10.0.2.2! Allowed networks: 127.0.0.1, ::1, 127.0.0.0/127.255.255.255
Processing by UsersController#index as HTML
  [1m[35mUser Load (4.5ms)[0m  SELECT "users".* FROM "users"
  Rendered users/index.html.erb within layouts/application (5.5ms)
Completed 200 OK in 124ms (Views: 119.2ms | ActiveRecord: 4.5ms)


Started GET "/users" for 10.0.2.2 at 2017-05-17 13:02:22 +0300
Cannot render console from 10.0.2.2! Allowed networks: 127.0.0.1, ::1, 127.0.0.0/127.255.255.255
Processing by UsersController#index as HTML
  [1m[36mUser Load (0.8ms)[0m  [1mSELECT "users".* FROM "users"[0m
  Rendered users/index.html.erb within layouts/application (2.0ms)
Completed 200 OK in 116ms (Views: 114.6ms | ActiveRecord: 0.8ms)


Started GET "/" for ::1 at 2017-05-17 13:09:54 +0300
  [1m[36mActiveRecord::SchemaMigration Load (0.1ms)[0m  [1mSELECT "schema_migrations".* FROM "schema_migrations"[0m
Processing by Rails::WelcomeController#index as HTML
  Rendered /Users/mikkotiainen/.rvm/gems/ruby-2.3.1/gems/railties-4.2.7/lib/rails/templates/rails/welcome/index.html.erb (1.9ms)
Completed 200 OK in 21ms (Views: 12.0ms | ActiveRecord: 0.0ms)


Started GET "/users" for ::1 at 2017-05-17 13:11:31 +0300
Processing by UsersController#index as HTML
  [1m[35mUser Load (0.2ms)[0m  SELECT "users".* FROM "users"
  Rendered users/index.html.erb within layouts/application (2.1ms)
Completed 200 OK in 459ms (Views: 456.3ms | ActiveRecord: 0.3ms)


Started GET "/assets/scaffolds.self-03fb4512397d33f81cc9550e4e717f2f7af2b0f65722699c99bb1dac79706b9e.css?body=1" for ::1 at 2017-05-17 13:11:31 +0300


Started GET "/assets/users.self-e3b0c44298fc1c149afbf4c8996fb92427ae41e4649b934ca495991b7852b855.css?body=1" for ::1 at 2017-05-17 13:11:31 +0300


Started GET "/assets/turbolinks.self-1d1fddf91adc38ac2045c51f0a3e05ca97d07d24d15a4dcbf705009106489e69.js?body=1" for ::1 at 2017-05-17 13:11:31 +0300


Started GET "/assets/users.self-877aef30ae1b040ab8a3aba4e3e309a11d7f2612f44dde450b5c157aa5f95c05.js?body=1" for ::1 at 2017-05-17 13:11:31 +0300


Started GET "/users" for ::1 at 2017-05-17 13:18:23 +0300
Processing by UsersController#index as HTML
  [1m[36mUser Load (0.2ms)[0m  [1mSELECT "users".* FROM "users"[0m
  Rendered users/index.html.erb within layouts/application (1.1ms)
Completed 200 OK in 23ms (Views: 20.6ms | ActiveRecord: 0.2ms)


Started GET "/" for ::1 at 2017-05-17 16:36:16 +0300
  [1m[36mActiveRecord::SchemaMigration Load (0.1ms)[0m  [1mSELECT "schema_migrations".* FROM "schema_migrations"[0m

ActiveRecord::PendingMigrationError (

Migrations are pending. To resolve this issue, run:

	bin/rake db:migrate RAILS_ENV=development

):
  activerecord (4.2.7) lib/active_record/migration.rb:392:in `check_pending!'
  activerecord (4.2.7) lib/active_record/migration.rb:373:in `call'
  actionpack (4.2.7) lib/action_dispatch/middleware/callbacks.rb:29:in `block in call'
  activesupport (4.2.7) lib/active_support/callbacks.rb:88:in `__run_callbacks__'
  activesupport (4.2.7) lib/active_support/callbacks.rb:778:in `_run_call_callbacks'
  activesupport (4.2.7) lib/active_support/callbacks.rb:81:in `run_callbacks'
  actionpack (4.2.7) lib/action_dispatch/middleware/callbacks.rb:27:in `call'
  actionpack (4.2.7) lib/action_dispatch/middleware/reloader.rb:73:in `call'
  actionpack (4.2.7) lib/action_dispatch/middleware/remote_ip.rb:78:in `call'
  actionpack (4.2.7) lib/action_dispatch/middleware/debug_exceptions.rb:17:in `call'
  web-console (2.3.0) lib/web_console/middleware.rb:28:in `block in call'
  web-console (2.3.0) lib/web_console/middleware.rb:18:in `catch'
  web-console (2.3.0) lib/web_console/middleware.rb:18:in `call'
  actionpack (4.2.7) lib/action_dispatch/middleware/show_exceptions.rb:30:in `call'
  railties (4.2.7) lib/rails/rack/logger.rb:38:in `call_app'
  railties (4.2.7) lib/rails/rack/logger.rb:20:in `block in call'
  activesupport (4.2.7) lib/active_support/tagged_logging.rb:68:in `block in tagged'
  activesupport (4.2.7) lib/active_support/tagged_logging.rb:26:in `tagged'
  activesupport (4.2.7) lib/active_support/tagged_logging.rb:68:in `tagged'
  railties (4.2.7) lib/rails/rack/logger.rb:20:in `call'
  actionpack (4.2.7) lib/action_dispatch/middleware/request_id.rb:21:in `call'
  rack (1.6.8) lib/rack/methodoverride.rb:22:in `call'
  rack (1.6.8) lib/rack/runtime.rb:18:in `call'
  activesupport (4.2.7) lib/active_support/cache/strategy/local_cache_middleware.rb:28:in `call'
  rack (1.6.8) lib/rack/lock.rb:17:in `call'
  actionpack (4.2.7) lib/action_dispatch/middleware/static.rb:120:in `call'
  rack (1.6.8) lib/rack/sendfile.rb:113:in `call'
  railties (4.2.7) lib/rails/engine.rb:518:in `call'
  railties (4.2.7) lib/rails/application.rb:165:in `call'
  rack (1.6.8) lib/rack/lock.rb:17:in `call'
  rack (1.6.8) lib/rack/content_length.rb:15:in `call'
  rack (1.6.8) lib/rack/handler/webrick.rb:88:in `service'
  /Users/mikkotiainen/.rvm/rubies/ruby-2.3.1/lib/ruby/2.3.0/webrick/httpserver.rb:140:in `service'
  /Users/mikkotiainen/.rvm/rubies/ruby-2.3.1/lib/ruby/2.3.0/webrick/httpserver.rb:96:in `run'
  /Users/mikkotiainen/.rvm/rubies/ruby-2.3.1/lib/ruby/2.3.0/webrick/server.rb:296:in `block in start_thread'


  Rendered /Users/mikkotiainen/.rvm/gems/ruby-2.3.1/gems/actionpack-4.2.7/lib/action_dispatch/middleware/templates/rescues/_source.erb (2.6ms)
  Rendered /Users/mikkotiainen/.rvm/gems/ruby-2.3.1/gems/actionpack-4.2.7/lib/action_dispatch/middleware/templates/rescues/_trace.html.erb (1.5ms)
  Rendered /Users/mikkotiainen/.rvm/gems/ruby-2.3.1/gems/actionpack-4.2.7/lib/action_dispatch/middleware/templates/rescues/_request_and_response.html.erb (1.3ms)
  Rendered /Users/mikkotiainen/.rvm/gems/ruby-2.3.1/gems/actionpack-4.2.7/lib/action_dispatch/middleware/templates/rescues/diagnostics.html.erb within rescues/layout (60.7ms)
  Rendered /Users/mikkotiainen/.rvm/gems/ruby-2.3.1/gems/web-console-2.3.0/lib/web_console/templates/_markup.html.erb (0.4ms)
  Rendered /Users/mikkotiainen/.rvm/gems/ruby-2.3.1/gems/web-console-2.3.0/lib/web_console/templates/_inner_console_markup.html.erb within layouts/inlined_string (0.6ms)
  Rendered /Users/mikkotiainen/.rvm/gems/ruby-2.3.1/gems/web-console-2.3.0/lib/web_console/templates/_prompt_box_markup.html.erb within layouts/inlined_string (0.3ms)
  Rendered /Users/mikkotiainen/.rvm/gems/ruby-2.3.1/gems/web-console-2.3.0/lib/web_console/templates/style.css.erb within layouts/inlined_string (0.4ms)
  Rendered /Users/mikkotiainen/.rvm/gems/ruby-2.3.1/gems/web-console-2.3.0/lib/web_console/templates/console.js.erb within layouts/javascript (60.9ms)
  Rendered /Users/mikkotiainen/.rvm/gems/ruby-2.3.1/gems/web-console-2.3.0/lib/web_console/templates/main.js.erb within layouts/javascript (0.3ms)
  Rendered /Users/mikkotiainen/.rvm/gems/ruby-2.3.1/gems/web-console-2.3.0/lib/web_console/templates/error_page.js.erb within layouts/javascript (0.9ms)
  Rendered /Users/mikkotiainen/.rvm/gems/ruby-2.3.1/gems/web-console-2.3.0/lib/web_console/templates/index.html.erb (134.2ms)
  [1m[36mActiveRecord::SchemaMigration Load (0.1ms)[0m  [1mSELECT "schema_migrations".* FROM "schema_migrations"[0m
Migrating to CreateLevels (20170517133102)
  [1m[35m (0.1ms)[0m  begin transaction
  [1m[36m (1.5ms)[0m  [1mCREATE TABLE "levels" ("id" INTEGER PRIMARY KEY AUTOINCREMENT NOT NULL, "name" varchar, "created_at" datetime NOT NULL, "updated_at" datetime NOT NULL) [0m
  [1m[35mSQL (0.2ms)[0m  INSERT INTO "schema_migrations" ("version") VALUES (?)  [["version", "20170517133102"]]
  [1m[36m (1.1ms)[0m  [1mcommit transaction[0m
  [1m[35mActiveRecord::SchemaMigration Load (0.1ms)[0m  SELECT "schema_migrations".* FROM "schema_migrations"


Started GET "/" for ::1 at 2017-05-17 16:37:16 +0300
  [1m[36mActiveRecord::SchemaMigration Load (0.1ms)[0m  [1mSELECT "schema_migrations".* FROM "schema_migrations"[0m
Processing by Rails::WelcomeController#index as HTML
  Rendered /Users/mikkotiainen/.rvm/gems/ruby-2.3.1/gems/railties-4.2.7/lib/rails/templates/rails/welcome/index.html.erb (1.7ms)
Completed 200 OK in 26ms (Views: 12.8ms | ActiveRecord: 0.0ms)


Started GET "/levels" for ::1 at 2017-05-17 16:37:21 +0300
Processing by LevelsController#index as HTML
  [1m[35mLevel Load (0.5ms)[0m  SELECT "levels".* FROM "levels"
  Rendered levels/index.html.erb within layouts/application (2.2ms)
Completed 200 OK in 437ms (Views: 433.9ms | ActiveRecord: 0.6ms)


Started GET "/assets/levels.self-e3b0c44298fc1c149afbf4c8996fb92427ae41e4649b934ca495991b7852b855.css?body=1" for ::1 at 2017-05-17 16:37:22 +0300


Started GET "/assets/levels.self-877aef30ae1b040ab8a3aba4e3e309a11d7f2612f44dde450b5c157aa5f95c05.js?body=1" for ::1 at 2017-05-17 16:37:22 +0300


Started GET "/levels/new" for ::1 at 2017-05-17 16:37:34 +0300
Processing by LevelsController#new as HTML
  Rendered levels/_form.html.erb (23.0ms)
  Rendered levels/new.html.erb within layouts/application (31.1ms)
Completed 200 OK in 57ms (Views: 50.0ms | ActiveRecord: 0.3ms)


Started POST "/levels" for ::1 at 2017-05-17 16:37:39 +0300
Processing by LevelsController#create as HTML
  Parameters: {"utf8"=>"✓", "authenticity_token"=>"0ye6dUEcYH3rNH22t8rJl5sL+GMPqV6zW5MxgEfylro2PuvJugD7HXdaQ2wnzW00xMAYrn22HQwcUq1OFlBUCg==", "level"=>{"name"=>"lelvel"}, "commit"=>"Create Level"}
  [1m[36m (0.1ms)[0m  [1mbegin transaction[0m
  [1m[35mSQL (1.2ms)[0m  INSERT INTO "levels" ("name", "created_at", "updated_at") VALUES (?, ?, ?)  [["name", "lelvel"], ["created_at", "2017-05-17 13:37:39.101696"], ["updated_at", "2017-05-17 13:37:39.101696"]]
  [1m[36m (1.0ms)[0m  [1mcommit transaction[0m
Redirected to http://localhost:3000/levels/1
Completed 302 Found in 12ms (ActiveRecord: 2.3ms)


Started GET "/levels/1" for ::1 at 2017-05-17 16:37:39 +0300
Processing by LevelsController#show as HTML
  Parameters: {"id"=>"1"}
  [1m[35mLevel Load (0.2ms)[0m  SELECT  "levels".* FROM "levels" WHERE "levels"."id" = ? LIMIT 1  [["id", 1]]
  Rendered levels/show.html.erb within layouts/application (0.8ms)
Completed 200 OK in 25ms (Views: 17.9ms | ActiveRecord: 0.2ms)


Started GET "/levels/1/edit" for ::1 at 2017-05-17 16:37:43 +0300
Processing by LevelsController#edit as HTML
  Parameters: {"id"=>"1"}
  [1m[36mLevel Load (0.1ms)[0m  [1mSELECT  "levels".* FROM "levels" WHERE "levels"."id" = ? LIMIT 1[0m  [["id", 1]]
  Rendered levels/_form.html.erb (3.3ms)
  Rendered levels/edit.html.erb within layouts/application (6.1ms)
Completed 200 OK in 30ms (Views: 28.2ms | ActiveRecord: 0.1ms)


Started GET "/levels" for ::1 at 2017-05-17 16:37:46 +0300
Processing by LevelsController#index as HTML
  [1m[35mLevel Load (0.3ms)[0m  SELECT "levels".* FROM "levels"
  Rendered levels/index.html.erb within layouts/application (1.8ms)
Completed 200 OK in 40ms (Views: 39.3ms | ActiveRecord: 0.3ms)


Started DELETE "/levels/1" for ::1 at 2017-05-17 16:37:48 +0300
Processing by LevelsController#destroy as HTML
  Parameters: {"authenticity_token"=>"oku8ZwZaBKbqixX9/ZQlCOY7iTt0BiO0XGsP2ZsQMhVHUu3b/UafxnblKydtk4GrufBp9gYZYAsbqpMXyrLwpQ==", "id"=>"1"}
  [1m[36mLevel Load (0.2ms)[0m  [1mSELECT  "levels".* FROM "levels" WHERE "levels"."id" = ? LIMIT 1[0m  [["id", 1]]
  [1m[35m (0.1ms)[0m  begin transaction
  [1m[36mSQL (0.4ms)[0m  [1mDELETE FROM "levels" WHERE "levels"."id" = ?[0m  [["id", 1]]
  [1m[35m (1.5ms)[0m  commit transaction
Redirected to http://localhost:3000/levels
Completed 302 Found in 9ms (ActiveRecord: 2.2ms)


Started GET "/levels" for ::1 at 2017-05-17 16:37:48 +0300
Processing by LevelsController#index as HTML
  [1m[36mLevel Load (0.3ms)[0m  [1mSELECT "levels".* FROM "levels"[0m
  Rendered levels/index.html.erb within layouts/application (1.7ms)
Completed 200 OK in 28ms (Views: 27.6ms | ActiveRecord: 0.3ms)
  [1m[36mActiveRecord::SchemaMigration Load (0.1ms)[0m  [1mSELECT "schema_migrations".* FROM "schema_migrations"[0m
  [1m[35m (0.1ms)[0m  begin transaction
  [1m[36mSQL (0.4ms)[0m  [1mINSERT INTO "levels" ("name", "created_at", "updated_at") VALUES (?, ?, ?)[0m  [["name", "Application"], ["created_at", "2017-05-17 13:38:27.828831"], ["updated_at", "2017-05-17 13:38:27.828831"]]
  [1m[35m (0.7ms)[0m  commit transaction
  [1m[36m (0.0ms)[0m  [1mbegin transaction[0m
  [1m[35mSQL (0.2ms)[0m  INSERT INTO "levels" ("name", "created_at", "updated_at") VALUES (?, ?, ?)  [["name", "Logic"], ["created_at", "2017-05-17 13:38:27.832971"], ["updated_at", "2017-05-17 13:38:27.832971"]]
  [1m[36m (0.7ms)[0m  [1mcommit transaction[0m
  [1m[35m (0.0ms)[0m  begin transaction
  [1m[36mSQL (0.2ms)[0m  [1mINSERT INTO "levels" ("name", "created_at", "updated_at") VALUES (?, ?, ?)[0m  [["name", "Indices"], ["created_at", "2017-05-17 13:38:27.834803"], ["updated_at", "2017-05-17 13:38:27.834803"]]
  [1m[35m (0.7ms)[0m  commit transaction
  [1m[36m (0.0ms)[0m  [1mbegin transaction[0m
  [1m[35mSQL (0.1ms)[0m  INSERT INTO "levels" ("name", "created_at", "updated_at") VALUES (?, ?, ?)  [["name", "Metrics"], ["created_at", "2017-05-17 13:38:27.836392"], ["updated_at", "2017-05-17 13:38:27.836392"]]
  [1m[36m (0.7ms)[0m  [1mcommit transaction[0m
  [1m[35m (0.0ms)[0m  begin transaction
  [1m[36mSQL (0.2ms)[0m  [1mINSERT INTO "levels" ("name", "created_at", "updated_at") VALUES (?, ?, ?)[0m  [["name", "Signal"], ["created_at", "2017-05-17 13:38:27.838150"], ["updated_at", "2017-05-17 13:38:27.838150"]]
  [1m[35m (0.8ms)[0m  commit transaction


Started GET "/levels" for ::1 at 2017-05-17 16:38:45 +0300
  [1m[36mActiveRecord::SchemaMigration Load (0.1ms)[0m  [1mSELECT "schema_migrations".* FROM "schema_migrations"[0m
Processing by LevelsController#index as HTML
  [1m[35mLevel Load (0.2ms)[0m  SELECT "levels".* FROM "levels"
  Rendered levels/index.html.erb within layouts/application (7.7ms)
Completed 200 OK in 247ms (Views: 235.4ms | ActiveRecord: 0.4ms)


Started GET "/" for ::1 at 2017-05-17 16:41:05 +0300
Processing by LevelsController#index as HTML
  [1m[36mLevel Load (0.3ms)[0m  [1mSELECT "levels".* FROM "levels"[0m
  Rendered levels/index.html.erb within layouts/application (5.4ms)
Completed 200 OK in 37ms (Views: 33.5ms | ActiveRecord: 0.6ms)
  [1m[36mActiveRecord::SchemaMigration Load (0.1ms)[0m  [1mSELECT "schema_migrations".* FROM "schema_migrations"[0m
Migrating to CreateCategories (20170517134653)
  [1m[35m (0.1ms)[0m  begin transaction
  [1m[36m (0.4ms)[0m  [1mCREATE TABLE "categories" ("id" INTEGER PRIMARY KEY AUTOINCREMENT NOT NULL, "name" varchar, "level_id" integer, "created_at" datetime NOT NULL, "updated_at" datetime NOT NULL) [0m
  [1m[35mSQL (0.2ms)[0m  INSERT INTO "schema_migrations" ("version") VALUES (?)  [["version", "20170517134653"]]
  [1m[36m (0.9ms)[0m  [1mcommit transaction[0m
  [1m[35mActiveRecord::SchemaMigration Load (0.1ms)[0m  SELECT "schema_migrations".* FROM "schema_migrations"


Started GET "/" for ::1 at 2017-05-17 16:47:30 +0300
  [1m[36mActiveRecord::SchemaMigration Load (0.1ms)[0m  [1mSELECT "schema_migrations".* FROM "schema_migrations"[0m
Processing by LevelsController#index as HTML
  [1m[35mLevel Load (0.5ms)[0m  SELECT "levels".* FROM "levels"
  Rendered levels/index.html.erb within layouts/application (7.3ms)
Completed 200 OK in 446ms (Views: 431.4ms | ActiveRecord: 0.8ms)


Started GET "/assets/categories.self-e3b0c44298fc1c149afbf4c8996fb92427ae41e4649b934ca495991b7852b855.css?body=1" for ::1 at 2017-05-17 16:47:31 +0300


Started GET "/assets/categories.self-877aef30ae1b040ab8a3aba4e3e309a11d7f2612f44dde450b5c157aa5f95c05.js?body=1" for ::1 at 2017-05-17 16:47:31 +0300


Started GET "/" for ::1 at 2017-05-17 16:47:32 +0300
Processing by LevelsController#index as HTML
  [1m[36mLevel Load (0.1ms)[0m  [1mSELECT "levels".* FROM "levels"[0m
  Rendered levels/index.html.erb within layouts/application (2.6ms)
Completed 200 OK in 22ms (Views: 21.4ms | ActiveRecord: 0.1ms)


Started GET "/categories" for ::1 at 2017-05-17 16:47:38 +0300
Processing by CategoriesController#index as HTML
  [1m[35mCategory Load (0.5ms)[0m  SELECT "categories".* FROM "categories"
  Rendered categories/index.html.erb within layouts/application (2.3ms)
Completed 200 OK in 25ms (Views: 21.1ms | ActiveRecord: 0.6ms)


Started GET "/categories/new" for ::1 at 2017-05-17 16:47:48 +0300
Processing by CategoriesController#new as HTML
  Rendered categories/_form.html.erb (23.3ms)
  Rendered categories/new.html.erb within layouts/application (32.7ms)
Completed 200 OK in 57ms (Views: 52.2ms | ActiveRecord: 0.2ms)


Started POST "/categories" for ::1 at 2017-05-17 16:48:16 +0300
Processing by CategoriesController#create as HTML
  Parameters: {"utf8"=>"✓", "authenticity_token"=>"JgXtVVeSbbccapxt0HPt4kJ81yyCqiounpWm/R23YJPDHLzprI7214AEordAdElBHbc34fC1aZHZVDozTBWiIw==", "category"=>{"name"=>"Arousal", "level_id"=>"3"}, "commit"=>"Create Category"}
  [1m[36m (0.1ms)[0m  [1mbegin transaction[0m
  [1m[35mSQL (0.4ms)[0m  INSERT INTO "categories" ("name", "level_id", "created_at", "updated_at") VALUES (?, ?, ?, ?)  [["name", "Arousal"], ["level_id", 3], ["created_at", "2017-05-17 13:48:16.162795"], ["updated_at", "2017-05-17 13:48:16.162795"]]
  [1m[36m (0.8ms)[0m  [1mcommit transaction[0m
Redirected to http://localhost:3000/categories/1
Completed 302 Found in 8ms (ActiveRecord: 1.3ms)


Started GET "/categories/1" for ::1 at 2017-05-17 16:48:16 +0300
Processing by CategoriesController#show as HTML
  Parameters: {"id"=>"1"}
  [1m[35mCategory Load (0.2ms)[0m  SELECT  "categories".* FROM "categories" WHERE "categories"."id" = ? LIMIT 1  [["id", 1]]
  Rendered categories/show.html.erb within layouts/application (0.7ms)
Completed 200 OK in 23ms (Views: 16.0ms | ActiveRecord: 0.2ms)


Started GET "/categories/1/edit" for ::1 at 2017-05-17 16:48:47 +0300
Processing by CategoriesController#edit as HTML
  Parameters: {"id"=>"1"}
  [1m[36mCategory Load (0.2ms)[0m  [1mSELECT  "categories".* FROM "categories" WHERE "categories"."id" = ? LIMIT 1[0m  [["id", 1]]
  Rendered categories/_form.html.erb (1.8ms)
  Rendered categories/edit.html.erb within layouts/application (6.3ms)
Completed 200 OK in 38ms (Views: 36.7ms | ActiveRecord: 0.2ms)


Started PATCH "/categories/1" for ::1 at 2017-05-17 16:48:58 +0300
Processing by CategoriesController#update as HTML
  Parameters: {"utf8"=>"✓", "authenticity_token"=>"OeVbCCEns/+u0gCZBzM897Zbz5aSG/wrrTCXucmHv9/c/Aq02jsonzK8PkOXNJhU6ZAvW+AEv5Tq8Qt3mCV9bw==", "category"=>{"name"=>"Berousal", "level_id"=>"8"}, "commit"=>"Update Category", "id"=>"1"}
  [1m[35mCategory Load (0.2ms)[0m  SELECT  "categories".* FROM "categories" WHERE "categories"."id" = ? LIMIT 1  [["id", 1]]
  [1m[36m (0.1ms)[0m  [1mbegin transaction[0m
  [1m[35mSQL (0.7ms)[0m  UPDATE "categories" SET "name" = ?, "level_id" = ?, "updated_at" = ? WHERE "categories"."id" = ?  [["name", "Berousal"], ["level_id", 8], ["updated_at", "2017-05-17 13:48:58.704729"], ["id", 1]]
  [1m[36m (1.3ms)[0m  [1mcommit transaction[0m
Redirected to http://localhost:3000/categories/1
Completed 302 Found in 10ms (ActiveRecord: 2.3ms)


Started GET "/categories/1" for ::1 at 2017-05-17 16:48:58 +0300
Processing by CategoriesController#show as HTML
  Parameters: {"id"=>"1"}
  [1m[35mCategory Load (0.1ms)[0m  SELECT  "categories".* FROM "categories" WHERE "categories"."id" = ? LIMIT 1  [["id", 1]]
  Rendered categories/show.html.erb within layouts/application (0.4ms)
Completed 200 OK in 26ms (Views: 25.3ms | ActiveRecord: 0.1ms)


Started GET "/" for ::1 at 2017-05-17 16:49:06 +0300
Processing by LevelsController#index as HTML
  [1m[36mLevel Load (0.1ms)[0m  [1mSELECT "levels".* FROM "levels"[0m
  Rendered levels/index.html.erb within layouts/application (1.8ms)
Completed 200 OK in 21ms (Views: 20.0ms | ActiveRecord: 0.1ms)


Started GET "/" for ::1 at 2017-05-17 16:49:08 +0300
Processing by LevelsController#index as HTML
  [1m[35mLevel Load (0.1ms)[0m  SELECT "levels".* FROM "levels"
  Rendered levels/index.html.erb within layouts/application (4.2ms)
Completed 200 OK in 30ms (Views: 29.6ms | ActiveRecord: 0.1ms)


Started GET "/categories" for ::1 at 2017-05-17 16:55:06 +0300
Processing by CategoriesController#index as HTML
  [1m[36mCategory Load (0.1ms)[0m  [1mSELECT "categories".* FROM "categories"[0m
  Rendered categories/index.html.erb within layouts/application (7.1ms)
Completed 500 Internal Server Error in 13ms (ActiveRecord: 0.1ms)

ActionView::Template::Error (undefined method `each' for nil:NilClass):
    15:     <% @categories.each do |category| %>
    16:       <tr>
    17:         <td><%= category.name %></td>
    18:         <% @levels.each do |level| %>
    19:             <% if level.__id__ == category.level_id %>
    20:                 <td><%= level.name %></td>
    21:             <% end %>
  app/views/categories/index.html.erb:18:in `block in _app_views_categories_index_html_erb___4511547314593050639_70161432857860'
  app/views/categories/index.html.erb:15:in `_app_views_categories_index_html_erb___4511547314593050639_70161432857860'


  Rendered /Users/mikkotiainen/.rvm/gems/ruby-2.3.1/gems/actionpack-4.2.7/lib/action_dispatch/middleware/templates/rescues/_source.erb (6.1ms)
  Rendered /Users/mikkotiainen/.rvm/gems/ruby-2.3.1/gems/actionpack-4.2.7/lib/action_dispatch/middleware/templates/rescues/_trace.html.erb (3.0ms)
  Rendered /Users/mikkotiainen/.rvm/gems/ruby-2.3.1/gems/actionpack-4.2.7/lib/action_dispatch/middleware/templates/rescues/_request_and_response.html.erb (1.3ms)
  Rendered /Users/mikkotiainen/.rvm/gems/ruby-2.3.1/gems/actionpack-4.2.7/lib/action_dispatch/middleware/templates/rescues/template_error.html.erb within rescues/layout (70.6ms)
  Rendered /Users/mikkotiainen/.rvm/gems/ruby-2.3.1/gems/web-console-2.3.0/lib/web_console/templates/_markup.html.erb (0.4ms)
  Rendered /Users/mikkotiainen/.rvm/gems/ruby-2.3.1/gems/web-console-2.3.0/lib/web_console/templates/_inner_console_markup.html.erb within layouts/inlined_string (0.4ms)
  Rendered /Users/mikkotiainen/.rvm/gems/ruby-2.3.1/gems/web-console-2.3.0/lib/web_console/templates/_prompt_box_markup.html.erb within layouts/inlined_string (0.4ms)
  Rendered /Users/mikkotiainen/.rvm/gems/ruby-2.3.1/gems/web-console-2.3.0/lib/web_console/templates/style.css.erb within layouts/inlined_string (0.4ms)
  Rendered /Users/mikkotiainen/.rvm/gems/ruby-2.3.1/gems/web-console-2.3.0/lib/web_console/templates/console.js.erb within layouts/javascript (54.7ms)
  Rendered /Users/mikkotiainen/.rvm/gems/ruby-2.3.1/gems/web-console-2.3.0/lib/web_console/templates/main.js.erb within layouts/javascript (0.3ms)
  Rendered /Users/mikkotiainen/.rvm/gems/ruby-2.3.1/gems/web-console-2.3.0/lib/web_console/templates/error_page.js.erb within layouts/javascript (0.4ms)
  Rendered /Users/mikkotiainen/.rvm/gems/ruby-2.3.1/gems/web-console-2.3.0/lib/web_console/templates/index.html.erb (120.4ms)


Started GET "/categories" for ::1 at 2017-05-17 16:56:18 +0300
Processing by CategoriesController#index as HTML
  [1m[35mCategory Load (0.3ms)[0m  SELECT "categories".* FROM "categories"
  [1m[36mLevel Load (0.2ms)[0m  [1mSELECT "levels".* FROM "levels"[0m
  Rendered categories/index.html.erb within layouts/application (6.6ms)
Completed 200 OK in 63ms (Views: 57.4ms | ActiveRecord: 0.9ms)


Started GET "/categories/new" for ::1 at 2017-05-17 16:56:34 +0300
Processing by CategoriesController#new as HTML
  Rendered categories/_form.html.erb (3.0ms)
  Rendered categories/new.html.erb within layouts/application (6.1ms)
Completed 200 OK in 35ms (Views: 34.0ms | ActiveRecord: 0.0ms)


Started POST "/categories" for ::1 at 2017-05-17 16:56:44 +0300
Processing by CategoriesController#create as HTML
  Parameters: {"utf8"=>"✓", "authenticity_token"=>"YcyaBhxSEReLn7Tj8xC6rFEjQsst10CLwfErX3d7+jWE1cu6506KdxfxijljFx4PDuiiBl/IAzSGMLeRJtk4hQ==", "category"=>{"name"=>"Arousal", "level_id"=>"3"}, "commit"=>"Create Category"}
  [1m[35m (0.1ms)[0m  begin transaction
  [1m[36mSQL (0.3ms)[0m  [1mINSERT INTO "categories" ("name", "level_id", "created_at", "updated_at") VALUES (?, ?, ?, ?)[0m  [["name", "Arousal"], ["level_id", 3], ["created_at", "2017-05-17 13:56:44.489504"], ["updated_at", "2017-05-17 13:56:44.489504"]]
  [1m[35m (0.7ms)[0m  commit transaction
Redirected to http://localhost:3000/categories/2
Completed 302 Found in 4ms (ActiveRecord: 1.1ms)


Started GET "/categories/2" for ::1 at 2017-05-17 16:56:44 +0300
Processing by CategoriesController#show as HTML
  Parameters: {"id"=>"2"}
  [1m[36mCategory Load (0.2ms)[0m  [1mSELECT  "categories".* FROM "categories" WHERE "categories"."id" = ? LIMIT 1[0m  [["id", 2]]
  Rendered categories/show.html.erb within layouts/application (0.4ms)
Completed 200 OK in 22ms (Views: 20.2ms | ActiveRecord: 0.2ms)


Started GET "/categories" for ::1 at 2017-05-17 16:56:46 +0300
Processing by CategoriesController#index as HTML
  [1m[35mCategory Load (0.2ms)[0m  SELECT "categories".* FROM "categories"
  [1m[36mLevel Load (0.2ms)[0m  [1mSELECT "levels".* FROM "levels"[0m
  Rendered categories/index.html.erb within layouts/application (3.5ms)
Completed 200 OK in 30ms (Views: 28.2ms | ActiveRecord: 0.4ms)


Started GET "/categories/2" for ::1 at 2017-05-17 16:56:58 +0300
Processing by CategoriesController#show as HTML
  Parameters: {"id"=>"2"}
  [1m[35mCategory Load (0.1ms)[0m  SELECT  "categories".* FROM "categories" WHERE "categories"."id" = ? LIMIT 1  [["id", 2]]
  Rendered categories/show.html.erb within layouts/application (0.4ms)
Completed 200 OK in 32ms (Views: 31.0ms | ActiveRecord: 0.1ms)


Started GET "/categories" for ::1 at 2017-05-17 16:57:39 +0300
Processing by CategoriesController#index as HTML
  [1m[36mCategory Load (0.2ms)[0m  [1mSELECT "categories".* FROM "categories"[0m
  [1m[35mLevel Load (0.1ms)[0m  SELECT "levels".* FROM "levels"
  Rendered categories/index.html.erb within layouts/application (3.0ms)
Completed 200 OK in 37ms (Views: 35.8ms | ActiveRecord: 0.3ms)


Started GET "/categories/1/edit" for ::1 at 2017-05-17 16:58:04 +0300
Processing by CategoriesController#edit as HTML
  Parameters: {"id"=>"1"}
  [1m[36mCategory Load (0.2ms)[0m  [1mSELECT  "categories".* FROM "categories" WHERE "categories"."id" = ? LIMIT 1[0m  [["id", 1]]
  Rendered categories/_form.html.erb (7.0ms)
  Rendered categories/edit.html.erb within layouts/application (12.6ms)
Completed 200 OK in 48ms (Views: 46.9ms | ActiveRecord: 0.2ms)


Started PATCH "/categories/1" for ::1 at 2017-05-17 16:58:12 +0300
Processing by CategoriesController#update as HTML
  Parameters: {"utf8"=>"✓", "authenticity_token"=>"TNc0Eok+qA9DO90Hrf8VDEVyDxhFER/xz8YK+5r4/6qpzmWuciIzb99V4909+LGvGrnv1TcOXE6IB5Y1y1o9Gg==", "category"=>{"name"=>"Berousal", "level_id"=>"2"}, "commit"=>"Update Category", "id"=>"1"}
  [1m[35mCategory Load (0.1ms)[0m  SELECT  "categories".* FROM "categories" WHERE "categories"."id" = ? LIMIT 1  [["id", 1]]
  [1m[36m (0.1ms)[0m  [1mbegin transaction[0m
  [1m[35mSQL (0.3ms)[0m  UPDATE "categories" SET "level_id" = ?, "updated_at" = ? WHERE "categories"."id" = ?  [["level_id", 2], ["updated_at", "2017-05-17 13:58:12.967064"], ["id", 1]]
  [1m[36m (1.2ms)[0m  [1mcommit transaction[0m
Redirected to http://localhost:3000/categories/1
Completed 302 Found in 6ms (ActiveRecord: 1.7ms)


Started GET "/categories/1" for ::1 at 2017-05-17 16:58:12 +0300
Processing by CategoriesController#show as HTML
  Parameters: {"id"=>"1"}
  [1m[35mCategory Load (0.1ms)[0m  SELECT  "categories".* FROM "categories" WHERE "categories"."id" = ? LIMIT 1  [["id", 1]]
  Rendered categories/show.html.erb within layouts/application (0.3ms)
Completed 200 OK in 20ms (Views: 19.0ms | ActiveRecord: 0.1ms)


Started GET "/categories" for ::1 at 2017-05-17 16:58:14 +0300
Processing by CategoriesController#index as HTML
  [1m[36mCategory Load (0.2ms)[0m  [1mSELECT "categories".* FROM "categories"[0m
  [1m[35mLevel Load (0.2ms)[0m  SELECT "levels".* FROM "levels"
  Rendered categories/index.html.erb within layouts/application (3.2ms)
Completed 200 OK in 30ms (Views: 28.0ms | ActiveRecord: 0.5ms)


Started GET "/categories/1/edit" for ::1 at 2017-05-17 16:58:18 +0300
Processing by CategoriesController#edit as HTML
  Parameters: {"id"=>"1"}
  [1m[36mCategory Load (0.1ms)[0m  [1mSELECT  "categories".* FROM "categories" WHERE "categories"."id" = ? LIMIT 1[0m  [["id", 1]]
  Rendered categories/_form.html.erb (3.6ms)
  Rendered categories/edit.html.erb within layouts/application (7.1ms)
Completed 200 OK in 33ms (Views: 32.3ms | ActiveRecord: 0.1ms)


Started PATCH "/categories/1" for ::1 at 2017-05-17 16:58:33 +0300
Processing by CategoriesController#update as HTML
  Parameters: {"utf8"=>"✓", "authenticity_token"=>"c/EQzpGpVZwuItiMkCGwAvK7jR6/3xfovjpwFjyBWGKW6EFyarXO/LJM5lYAJhShrXBt083AVFf5++zYbSOa0g==", "category"=>{"name"=>"Berousal", "level_id"=>"3"}, "commit"=>"Update Category", "id"=>"1"}
  [1m[35mCategory Load (0.1ms)[0m  SELECT  "categories".* FROM "categories" WHERE "categories"."id" = ? LIMIT 1  [["id", 1]]
  [1m[36m (0.2ms)[0m  [1mbegin transaction[0m
  [1m[35mSQL (0.5ms)[0m  UPDATE "categories" SET "level_id" = ?, "updated_at" = ? WHERE "categories"."id" = ?  [["level_id", 3], ["updated_at", "2017-05-17 13:58:33.952578"], ["id", 1]]
  [1m[36m (0.9ms)[0m  [1mcommit transaction[0m
Redirected to http://localhost:3000/categories/1
Completed 302 Found in 7ms (ActiveRecord: 1.7ms)


Started GET "/categories/1" for ::1 at 2017-05-17 16:58:33 +0300
Processing by CategoriesController#show as HTML
  Parameters: {"id"=>"1"}
  [1m[35mCategory Load (0.1ms)[0m  SELECT  "categories".* FROM "categories" WHERE "categories"."id" = ? LIMIT 1  [["id", 1]]
  Rendered categories/show.html.erb within layouts/application (0.3ms)
Completed 200 OK in 24ms (Views: 23.4ms | ActiveRecord: 0.1ms)


Started GET "/categories" for ::1 at 2017-05-17 16:58:35 +0300
Processing by CategoriesController#index as HTML
  [1m[36mCategory Load (0.1ms)[0m  [1mSELECT "categories".* FROM "categories"[0m
  [1m[35mLevel Load (0.2ms)[0m  SELECT "levels".* FROM "levels"
  Rendered categories/index.html.erb within layouts/application (2.4ms)
Completed 200 OK in 33ms (Views: 32.2ms | ActiveRecord: 0.3ms)
